<?xml version="1.0" encoding="UTF-8"?>
<!-- Generated by org.testng.reporters.JUnitReportReporter -->
<testsuite hostname="VIGNESH" failures="0" tests="4" name="testlayer.LoginTest" time="38.783" errors="0" timestamp="2023-06-22T00:18:40 EDT" skipped="0">
  <testcase classname="testlayer.LoginTest" name="Title" time="8.558"/>
  <system-out/>
  <testcase classname="testlayer.LoginTest" name="Login" time="9.641"/>
  <system-out/>
  <testcase classname="testlayer.LoginTest" name="Login" time="9.340"/>
  <system-out/>
  <testcase classname="testlayer.LoginTest" name="Login" time="11.244"/>
  <system-out/>
</testsuite> <!-- testlayer.LoginTest -->
